#
# A fatal error has been detected by the Java Runtime Environment:
#
#  SIGSEGV (0xb) at pc=0x0000000100e71594, pid=1273, tid=0x0000000000004707
#
# JRE version: Java(TM) SE Runtime Environment (8.0_101-b13) (build 1.8.0_101-b13)
# Java VM: Java HotSpot(TM) 64-Bit Server VM (25.101-b13 mixed mode bsd-amd64 compressed oops)
# Problematic frame:
# V  [libjvm.dylib+0x44c594]
#
# Failed to write core dump. Core dumps have been disabled. To enable core dumping, try "ulimit -c unlimited" before starting Java again
#
# If you would like to submit a bug report, please visit:
#   http://bugreport.java.com/bugreport/crash.jsp
#

---------------  T H R E A D  ---------------

Current thread (0x00007fa5a1076800):  JavaThread "JDWP Transport Listener: dt_socket" daemon [_thread_in_vm, id=18183, stack(0x0000700004de7000,0x0000700004ee7000)]

siginfo: si_signo: 11 (SIGSEGV), si_code: 0 (unknown), si_addr: 0x0000000000000000

Registers:
RAX=0x0000000000000001, RBX=0x0000700004ee6a8b, RCX=0x0000000101244360, RDX=0x0000700004ee6a8b
RSP=0x0000700004ee69d0, RBP=0x0000700004ee69e0, RSI=0x00007fa5a1076800, RDI=0x0014000000000000
R8 =0x0000000000000000, R9 =0x00007fa5a2f0cd30, R10=0x000007fa5a2aefb4, R11=0x0000000000000001
R12=0x00007fa5a1076800, R13=0x0014000000000000, R14=0x0014000000000000, R15=0x00007fa5a050d060
RIP=0x0000000100e71594, EFLAGS=0x0000000000010206, ERR=0x0000000000000000
  TRAPNO=0x000000000000000d

Top of Stack: (sp=0x0000700004ee69d0)
0x0000700004ee69d0:   0000700004ee6a8b 0000700004ee6a8b
0x0000700004ee69e0:   0000700004ee6a40 0000000100d7d0d2
0x0000700004ee69f0:   00007fa5a1076800 0000000000000000
0x0000700004ee6a00:   0000000000000000 0000000000000000
0x0000700004ee6a10:   00007fa5a1076800 00007fa5a1076800
0x0000700004ee6a20:   0000700004ee6a8b 0000700004ee6a90
0x0000700004ee6a30:   0014000000000000 0000000000000027
0x0000700004ee6a40:   0000700004ee6a60 0000000102255780
0x0000700004ee6a50:   0000000000000001 0000700004ee6b08
0x0000700004ee6a60:   0000700004ee6ad0 000000010223a1f3
0x0000700004ee6a70:   0000700004ee6aa0 00007fa5a2af0b20
0x0000700004ee6a80:   0000002800000032 0000000100ee6b08
0x0000700004ee6a90:   0000000000000000 0000000000000000
0x0000700004ee6aa0:   0000000000000000 0000700004ee6c90
0x0000700004ee6ab0:   000000010225ce7a 00007fa5a0758720
0x0000700004ee6ac0:   0000700004ee6b08 0000000102268598
0x0000700004ee6ad0:   0000700004ee6ae0 000000010223a2ec
0x0000700004ee6ae0:   0000700004ee6d00 0000000102243898
0x0000700004ee6af0:   00007ef400000013 00000000000f0200
0x0000700004ee6b00:   00007fa5a2a6bea0 00007fa5a2434e92
0x0000700004ee6b10:   00007fa500000c2e 00007fa5a2f3f2a0
0x0000700004ee6b20:   00007fa50000012c 0000700004ee6b58
0x0000700004ee6b30:   00007fa5a0711ee0 0000000000000000
0x0000700004ee6b40:   00007ef40000000f 0000000000000080
0x0000700004ee6b50:   0000700004ee6b58 a57f000028000000
0x0000700004ee6b60:   060000005815cfa2 00003124706f6f6c
0x0000700004ee6b70:   6c6163734c284400 63656c6c6f632f61
0x0000700004ee6b80:   7165532f6e6f6974 2f616c6163734c3b
0x0000700004ee6b90:   697463656c6c6f63 293b7165532f6e6f
0x0000700004ee6ba0:   632f616c6163734c 6f697463656c6c6f
0x0000700004ee6bb0:   00003b7165532f6e 0000120000000000
0x0000700004ee6bc0:   0000c013c3a2a57f 006b726170730500 

Instructions: (pc=0x0000000100e71594)
0x0000000100e71574:   40 48 48 85 c0 75 e0 30 c0 0f b6 c0 5d c3 31 c0
0x0000000100e71584:   5d c3 55 48 89 e5 53 48 83 ec 08 48 85 ff 74 24
0x0000000100e71594:   48 8b 1f 48 85 db 74 1c 48 83 fb 37 74 16 48 8b
0x0000000100e715a4:   03 48 89 df ff 50 10 84 c0 b8 00 00 00 00 48 0f 

Register to memory mapping:

RAX=0x0000000000000001 is an unknown value
RBX=0x0000700004ee6a8b is pointing into the stack for thread: 0x00007fa5a1076800
RCX=0x0000000101244360: UseMembar+0 in /Library/Java/JavaVirtualMachines/jdk1.8.0_101.jdk/Contents/Home/jre/lib/server/libjvm.dylib at 0x0000000100a25000
RDX=0x0000700004ee6a8b is pointing into the stack for thread: 0x00007fa5a1076800
RSP=0x0000700004ee69d0 is pointing into the stack for thread: 0x00007fa5a1076800
RBP=0x0000700004ee69e0 is pointing into the stack for thread: 0x00007fa5a1076800
RSI=0x00007fa5a1076800 is a thread
RDI=0x0014000000000000 is an unknown value
R8 =0x0000000000000000 is an unknown value
R9 =0x00007fa5a2f0cd30 is an unknown value
R10=0x000007fa5a2aefb4 is an unknown value
R11=0x0000000000000001 is an unknown value
R12=0x00007fa5a1076800 is a thread
R13=0x0014000000000000 is an unknown value
R14=0x0014000000000000 is an unknown value
R15=0x00007fa5a050d060 is an unknown value


Stack: [0x0000700004de7000,0x0000700004ee7000],  sp=0x0000700004ee69d0,  free space=1022k
Native frames: (J=compiled Java code, j=interpreted, Vv=VM code, C=native code)
V  [libjvm.dylib+0x44c594]
V  [libjvm.dylib+0x3580d2]
C  [libjdwp.dylib+0x20780]  isMethodSynthetic+0x63
C  [libjdwp.dylib+0x51f3]  methods1+0x10b
C  [libjdwp.dylib+0x52ec]  methodsWithGeneric+0xe
C  [libjdwp.dylib+0xe898]  debugLoop_run+0x1ce
C  [libjdwp.dylib+0x1f6ba]  attachThread+0x4d
V  [libjvm.dylib+0x399438]
V  [libjvm.dylib+0x5695ab]
V  [libjvm.dylib+0x56ac98]
V  [libjvm.dylib+0x48933a]
C  [libsystem_pthread.dylib+0x3661]  _pthread_body+0x154
C  [libsystem_pthread.dylib+0x350d]  _pthread_body+0x0
C  [libsystem_pthread.dylib+0x2bf9]  thread_start+0xd
C  0x0000000000000000


---------------  P R O C E S S  ---------------

Java Threads: ( => current thread )
  0x00007fa5a16ea800 JavaThread "block-manager-ask-thread-pool-3" daemon [_thread_blocked, id=2835, stack(0x000070000765f000,0x000070000775f000)]
  0x00007fa5a1773800 JavaThread "block-manager-slave-async-thread-pool-7" daemon [_thread_blocked, id=3091, stack(0x000070000755c000,0x000070000765c000)]
  0x00007fa5a24bc800 JavaThread "block-manager-slave-async-thread-pool-6" daemon [_thread_blocked, id=4115, stack(0x0000700007459000,0x0000700007559000)]
  0x00007fa5a0c8c000 JavaThread "block-manager-ask-thread-pool-2" daemon [_thread_blocked, id=32271, stack(0x0000700004343000,0x0000700004443000)]
  0x00007fa5a1627000 JavaThread "kill-executor-thread" daemon [_thread_blocked, id=31755, stack(0x0000700007b6e000,0x0000700007c6e000)]
  0x00007fa5a201b800 JavaThread "task-result-getter-3" daemon [_thread_blocked, id=35331, stack(0x0000700007a6b000,0x0000700007b6b000)]
  0x00007fa5a3a04000 JavaThread "task-result-getter-2" daemon [_thread_blocked, id=35587, stack(0x0000700007968000,0x0000700007a68000)]
  0x00007fa5a1842800 JavaThread "task-result-getter-1" daemon [_thread_blocked, id=35843, stack(0x0000700007865000,0x0000700007965000)]
  0x00007fa5a1bc1000 JavaThread "task-result-getter-0" daemon [_thread_blocked, id=30979, stack(0x0000700007762000,0x0000700007862000)]
  0x00007fa5a26ad000 JavaThread "SparkListenerBus" daemon [_thread_blocked, id=36611, stack(0x0000700007356000,0x0000700007456000)]
  0x00007fa5a26af800 JavaThread "context-cleaner-periodic-gc" daemon [_thread_blocked, id=29187, stack(0x0000700007253000,0x0000700007353000)]
  0x00007fa5a0daf800 JavaThread "Spark Context Cleaner" daemon [_thread_blocked, id=36867, stack(0x0000700007150000,0x0000700007250000)]
  0x00007fa5a16a8800 JavaThread "shuffle-server-5-1" daemon [_thread_blocked, id=37379, stack(0x000070000704d000,0x000070000714d000)]
  0x00007fa5a1e31800 JavaThread "driver-heartbeater" daemon [_thread_blocked, id=28419, stack(0x0000700006f4a000,0x000070000704a000)]
  0x00007fa5a0d90800 JavaThread "dag-scheduler-event-loop" daemon [_thread_blocked, id=27907, stack(0x0000700006e47000,0x0000700006f47000)]
  0x00007fa5a2668800 JavaThread "Timer-0" daemon [_thread_blocked, id=27651, stack(0x0000700006d44000,0x0000700006e44000)]
  0x00007fa5a25dc800 JavaThread "netty-rpc-env-timeout" daemon [_thread_blocked, id=38147, stack(0x0000700006c41000,0x0000700006d41000)]
  0x00007fa5a1e30800 JavaThread "heartbeat-receiver-event-loop-thread" daemon [_thread_blocked, id=27395, stack(0x0000700006b3e000,0x0000700006c3e000)]
  0x00007fa5a0dc1000 JavaThread "SparkUI-42" daemon [_thread_blocked, id=27139, stack(0x0000700006a3b000,0x0000700006b3b000)]
  0x00007fa5a1444000 JavaThread "SparkUI-41" daemon [_thread_blocked, id=39171, stack(0x0000700006938000,0x0000700006a38000)]
  0x00007fa5a1530000 JavaThread "SparkUI-40" daemon [_thread_blocked, id=26627, stack(0x0000700006835000,0x0000700006935000)]
  0x00007fa5a152e800 JavaThread "SparkUI-39" daemon [_thread_blocked, id=39427, stack(0x0000700006732000,0x0000700006832000)]
  0x00007fa5a0e04000 JavaThread "SparkUI-38" daemon [_thread_blocked, id=26115, stack(0x000070000662f000,0x000070000672f000)]
  0x00007fa5a0e07800 JavaThread "SparkUI-37-acceptor-0@4a59fbdc-ServerConnector@449e0ce7{HTTP/1.1,[http/1.1]}{0.0.0.0:4041}" daemon [_thread_in_native, id=25603, stack(0x000070000652c000,0x000070000662c000)]
  0x00007fa5a25c1800 JavaThread "SparkUI-36" daemon [_thread_in_native, id=40195, stack(0x0000700006429000,0x0000700006529000)]
  0x00007fa5a2506000 JavaThread "SparkUI-35" daemon [_thread_in_native, id=40451, stack(0x0000700006326000,0x0000700006426000)]
  0x00007fa5a15b1000 JavaThread "map-output-dispatcher-7" daemon [_thread_blocked, id=24835, stack(0x0000700006223000,0x0000700006323000)]
  0x00007fa5a0e2f800 JavaThread "map-output-dispatcher-6" daemon [_thread_blocked, id=24579, stack(0x0000700006120000,0x0000700006220000)]
  0x00007fa5a1de4800 JavaThread "map-output-dispatcher-5" daemon [_thread_blocked, id=24067, stack(0x000070000601d000,0x000070000611d000)]
  0x00007fa5a1de4000 JavaThread "map-output-dispatcher-4" daemon [_thread_blocked, id=41219, stack(0x0000700005f1a000,0x000070000601a000)]
  0x00007fa5a1ddd000 JavaThread "map-output-dispatcher-3" daemon [_thread_blocked, id=23555, stack(0x0000700005e17000,0x0000700005f17000)]
  0x00007fa5a1ddc000 JavaThread "map-output-dispatcher-2" daemon [_thread_blocked, id=41731, stack(0x0000700005d14000,0x0000700005e14000)]
  0x00007fa5a0e30800 JavaThread "map-output-dispatcher-1" daemon [_thread_blocked, id=23043, stack(0x0000700005c11000,0x0000700005d11000)]
  0x00007fa5a24bb800 JavaThread "map-output-dispatcher-0" daemon [_thread_blocked, id=22787, stack(0x0000700005b0e000,0x0000700005c0e000)]
  0x00007fa5a0e2e800 JavaThread "rpc-server-3-1" daemon [_thread_blocked, id=42499, stack(0x0000700005a0b000,0x0000700005b0b000)]
  0x00007fa5a1517800 JavaThread "dispatcher-event-loop-3" daemon [_thread_blocked, id=42755, stack(0x0000700005908000,0x0000700005a08000)]
  0x00007fa5a24b4000 JavaThread "dispatcher-event-loop-2" daemon [_thread_in_Java, id=43011, stack(0x0000700005805000,0x0000700005905000)]
  0x00007fa5a24ef800 JavaThread "dispatcher-event-loop-1" daemon [_thread_blocked, id=43267, stack(0x0000700005702000,0x0000700005802000)]
  0x00007fa5a0d06000 JavaThread "dispatcher-event-loop-0" daemon [_thread_blocked, id=15111, stack(0x00007000055ff000,0x00007000056ff000)]
  0x00007fa5a1b22800 JavaThread "Service Thread" daemon [_thread_blocked, id=16387, stack(0x00007000053f9000,0x00007000054f9000)]
  0x00007fa5a0baf800 JavaThread "C1 CompilerThread2" daemon [_thread_blocked, id=14595, stack(0x00007000052f6000,0x00007000053f6000)]
  0x00007fa5a0bae800 JavaThread "C2 CompilerThread1" daemon [_thread_blocked, id=14339, stack(0x00007000051f3000,0x00007000052f3000)]
  0x00007fa5a12fa800 JavaThread "C2 CompilerThread0" daemon [_thread_blocked, id=17411, stack(0x00007000050f0000,0x00007000051f0000)]
  0x00007fa5a2019000 JavaThread "JDWP Command Reader" daemon [_thread_in_native, id=17667, stack(0x0000700004fed000,0x00007000050ed000)]
  0x00007fa5a2021800 JavaThread "JDWP Event Helper Thread" daemon [_thread_blocked, id=13827, stack(0x0000700004eea000,0x0000700004fea000)]
=>0x00007fa5a1076800 JavaThread "JDWP Transport Listener: dt_socket" daemon [_thread_in_vm, id=18183, stack(0x0000700004de7000,0x0000700004ee7000)]
  0x00007fa5a0814800 JavaThread "Signal Dispatcher" daemon [_thread_blocked, id=13063, stack(0x0000700004ce4000,0x0000700004de4000)]
  0x00007fa5a0803000 JavaThread "Finalizer" daemon [_thread_blocked, id=11779, stack(0x0000700004be1000,0x0000700004ce1000)]
  0x00007fa5a1823000 JavaThread "Reference Handler" daemon [_thread_blocked, id=20739, stack(0x0000700004ade000,0x0000700004bde000)]
  0x00007fa5a100b000 JavaThread "main" [_thread_blocked, id=6403, stack(0x00007000044cc000,0x00007000045cc000)]

Other Threads:
  0x00007fa5a2002800 VMThread [stack: 0x00007000049db000,0x0000700004adb000] [id=21251]
  0x00007fa5a0bb2800 WatcherThread [stack: 0x00007000054fc000,0x00007000055fc000] [id=15875]

VM state:not at safepoint (normal execution)

VM Mutex/Monitor currently owned by a thread: None

Heap:
 PSYoungGen      total 324608K, used 10677K [0x0000000795580000, 0x00000007aa980000, 0x00000007c0000000)
  eden space 303104K, 3% used [0x0000000795580000,0x0000000795fed6e0,0x00000007a7d80000)
  from space 21504K, 0% used [0x00000007a9480000,0x00000007a9480000,0x00000007aa980000)
  to   space 22528K, 0% used [0x00000007a7d80000,0x00000007a7d80000,0x00000007a9380000)
 ParOldGen       total 86528K, used 25188K [0x0000000740000000, 0x0000000745480000, 0x0000000795580000)
  object space 86528K, 29% used [0x0000000740000000,0x00000007418990e0,0x0000000745480000)
 Metaspace       used 43715K, capacity 44228K, committed 46080K, reserved 1089536K
  class space    used 6110K, capacity 6214K, committed 6656K, reserved 1048576K

Card table byte_map: [0x00000001026c2000,0x0000000102ac3000] byte_map_base: 0x00000000fecc2000

Marking Bits: (ParMarkBitMap*) 0x0000000101312d20
 Begin Bits: [0x0000000102d6e000, 0x0000000104d6e000)
 End Bits:   [0x0000000104d6e000, 0x0000000106d6e000)

Polling page: 0x00000001019d0000

CodeCache: size=245760Kb used=17075Kb max_used=18281Kb free=228684Kb
 bounds [0x000000010fcc7000, 0x0000000110ec7000, 0x000000011ecc7000]
 total_blobs=7080 nmethods=6544 adapters=456
 compilation: enabled

Compilation events (10 events):
Event: 13472.828 Thread 0x00007fa5a0baf800 8552       1       java.lang.Thread::isDaemon (5 bytes)
Event: 13472.828 Thread 0x00007fa5a0baf800 nmethod 8552 0x0000000110432e10 code [0x0000000110432f60, 0x0000000110433070]
Event: 13472.828 Thread 0x00007fa5a0baf800 8541       3       java.util.HashSet::isEmpty (8 bytes)
Event: 13472.829 Thread 0x00007fa5a0baf800 nmethod 8541 0x0000000110545a50 code [0x0000000110545bc0, 0x0000000110545e50]
Event: 13472.829 Thread 0x00007fa5a0baf800 8549       1       sun.util.calendar.CalendarDate::getYear (5 bytes)
Event: 13472.829 Thread 0x00007fa5a0baf800 nmethod 8549 0x00000001107f4610 code [0x00000001107f4760, 0x00000001107f4870]
Event: 13472.829 Thread 0x00007fa5a0baf800 8550       1       java.util.Calendar::getFirstDayOfWeek (5 bytes)
Event: 13472.829 Thread 0x00007fa5a0baf800 nmethod 8550 0x000000011071b290 code [0x000000011071b3e0, 0x000000011071b4f0]
Event: 13472.829 Thread 0x00007fa5a0baf800 8551       1       java.util.Calendar::getMinimalDaysInFirstWeek (5 bytes)
Event: 13472.829 Thread 0x00007fa5a0baf800 nmethod 8551 0x000000011071d610 code [0x000000011071d760, 0x000000011071d870]

GC Heap History (10 events):
Event: 13276.858 GC heap before
{Heap before GC invocations=31 (full 7):
 PSYoungGen      total 327168K, used 96K [0x0000000795580000, 0x00000007aac80000, 0x00000007c0000000)
  eden space 303104K, 0% used [0x0000000795580000,0x0000000795580000,0x00000007a7d80000)
  from space 24064K, 0% used [0x00000007a9500000,0x00000007a9518000,0x00000007aac80000)
  to   space 24064K, 0% used [0x00000007a7d80000,0x00000007a7d80000,0x00000007a9500000)
 ParOldGen       total 86528K, used 25393K [0x0000000740000000, 0x0000000745480000, 0x0000000795580000)
  object space 86528K, 29% used [0x0000000740000000,0x00000007418cc530,0x0000000745480000)
 Metaspace       used 43654K, capacity 44158K, committed 46080K, reserved 1089536K
  class space    used 6109K, capacity 6213K, committed 6656K, reserved 1048576K
Event: 13276.907 GC heap after
Heap after GC invocations=31 (full 7):
 PSYoungGen      total 327168K, used 0K [0x0000000795580000, 0x00000007aac80000, 0x00000007c0000000)
  eden space 303104K, 0% used [0x0000000795580000,0x0000000795580000,0x00000007a7d80000)
  from space 24064K, 0% used [0x00000007a9500000,0x00000007a9500000,0x00000007aac80000)
  to   space 24064K, 0% used [0x00000007a7d80000,0x00000007a7d80000,0x00000007a9500000)
 ParOldGen       total 86528K, used 25372K [0x0000000740000000, 0x0000000745480000, 0x0000000795580000)
  object space 86528K, 29% used [0x0000000740000000,0x00000007418c7158,0x0000000745480000)
 Metaspace       used 43654K, capacity 44158K, committed 46080K, reserved 1089536K
  class space    used 6109K, capacity 6213K, committed 6656K, reserved 1048576K
}
Event: 13276.908 GC heap before
{Heap before GC invocations=32 (full 7):
 PSYoungGen      total 327168K, used 1105K [0x0000000795580000, 0x00000007aac80000, 0x00000007c0000000)
  eden space 303104K, 0% used [0x0000000795580000,0x0000000795694518,0x00000007a7d80000)
  from space 24064K, 0% used [0x00000007a9500000,0x00000007a9500000,0x00000007aac80000)
  to   space 24064K, 0% used [0x00000007a7d80000,0x00000007a7d80000,0x00000007a9500000)
 ParOldGen       total 86528K, used 25372K [0x0000000740000000, 0x0000000745480000, 0x0000000795580000)
  object space 86528K, 29% used [0x0000000740000000,0x00000007418c7158,0x0000000745480000)
 Metaspace       used 43654K, capacity 44158K, committed 46080K, reserved 1089536K
  class space    used 6109K, capacity 6213K, committed 6656K, reserved 1048576K
Event: 13276.910 GC heap after
Heap after GC invocations=32 (full 7):
 PSYoungGen      total 303616K, used 128K [0x0000000795580000, 0x00000007aab80000, 0x00000007c0000000)
  eden space 303104K, 0% used [0x0000000795580000,0x0000000795580000,0x00000007a7d80000)
  from space 512K, 25% used [0x00000007a7d80000,0x00000007a7da0000,0x00000007a7e00000)
  to   space 23552K, 0% used [0x00000007a9480000,0x00000007a9480000,0x00000007aab80000)
 ParOldGen       total 86528K, used 25372K [0x0000000740000000, 0x0000000745480000, 0x0000000795580000)
  object space 86528K, 29% used [0x0000000740000000,0x00000007418c7158,0x0000000745480000)
 Metaspace       used 43654K, capacity 44158K, committed 46080K, reserved 1089536K
  class space    used 6109K, capacity 6213K, committed 6656K, reserved 1048576K
}
Event: 13276.910 GC heap before
{Heap before GC invocations=33 (full 8):
 PSYoungGen      total 303616K, used 128K [0x0000000795580000, 0x00000007aab80000, 0x00000007c0000000)
  eden space 303104K, 0% used [0x0000000795580000,0x0000000795580000,0x00000007a7d80000)
  from space 512K, 25% used [0x00000007a7d80000,0x00000007a7da0000,0x00000007a7e00000)
  to   space 23552K, 0% used [0x00000007a9480000,0x00000007a9480000,0x00000007aab80000)
 ParOldGen       total 86528K, used 25372K [0x0000000740000000, 0x0000000745480000, 0x0000000795580000)
  object space 86528K, 29% used [0x0000000740000000,0x00000007418c7158,0x0000000745480000)
 Metaspace       used 43654K, capacity 44158K, committed 46080K, reserved 1089536K
  class space    used 6109K, capacity 6213K, committed 6656K, reserved 1048576K
Event: 13276.998 GC heap after
Heap after GC invocations=33 (full 8):
 PSYoungGen      total 303616K, used 0K [0x0000000795580000, 0x00000007aab80000, 0x00000007c0000000)
  eden space 303104K, 0% used [0x0000000795580000,0x0000000795580000,0x00000007a7d80000)
  from space 512K, 0% used [0x00000007a7d80000,0x00000007a7d80000,0x00000007a7e00000)
  to   space 23552K, 0% used [0x00000007a9480000,0x00000007a9480000,0x00000007aab80000)
 ParOldGen       total 86528K, used 25218K [0x0000000740000000, 0x0000000745480000, 0x0000000795580000)
  object space 86528K, 29% used [0x0000000740000000,0x00000007418a09d8,0x0000000745480000)
 Metaspace       used 43654K, capacity 44158K, committed 46080K, reserved 1089536K
  class space    used 6109K, capacity 6213K, committed 6656K, reserved 1048576K
}
Event: 13276.998 GC heap before
{Heap before GC invocations=34 (full 8):
 PSYoungGen      total 303616K, used 1139K [0x0000000795580000, 0x00000007aab80000, 0x00000007c0000000)
  eden space 303104K, 0% used [0x0000000795580000,0x000000079569cc08,0x00000007a7d80000)
  from space 512K, 0% used [0x00000007a7d80000,0x00000007a7d80000,0x00000007a7e00000)
  to   space 23552K, 0% used [0x00000007a9480000,0x00000007a9480000,0x00000007aab80000)
 ParOldGen       total 86528K, used 25218K [0x0000000740000000, 0x0000000745480000, 0x0000000795580000)
  object space 86528K, 29% used [0x0000000740000000,0x00000007418a09d8,0x0000000745480000)
 Metaspace       used 43654K, capacity 44158K, committed 46080K, reserved 1089536K
  class space    used 6109K, capacity 6213K, committed 6656K, reserved 1048576K
Event: 13277.000 GC heap after
Heap after GC invocations=34 (full 8):
 PSYoungGen      total 324608K, used 96K [0x0000000795580000, 0x00000007aa980000, 0x00000007c0000000)
  eden space 303104K, 0% used [0x0000000795580000,0x0000000795580000,0x00000007a7d80000)
  from space 21504K, 0% used [0x00000007a9480000,0x00000007a9498000,0x00000007aa980000)
  to   space 22528K, 0% used [0x00000007a7d80000,0x00000007a7d80000,0x00000007a9380000)
 ParOldGen       total 86528K, used 25218K [0x0000000740000000, 0x0000000745480000, 0x0000000795580000)
  object space 86528K, 29% used [0x0000000740000000,0x00000007418a09d8,0x0000000745480000)
 Metaspace       used 43654K, capacity 44158K, committed 46080K, reserved 1089536K
  class space    used 6109K, capacity 6213K, committed 6656K, reserved 1048576K
}
Event: 13277.000 GC heap before
{Heap before GC invocations=35 (full 9):
 PSYoungGen      total 324608K, used 96K [0x0000000795580000, 0x00000007aa980000, 0x00000007c0000000)
  eden space 303104K, 0% used [0x0000000795580000,0x0000000795580000,0x00000007a7d80000)
  from space 21504K, 0% used [0x00000007a9480000,0x00000007a9498000,0x00000007aa980000)
  to   space 22528K, 0% used [0x00000007a7d80000,0x00000007a7d80000,0x00000007a9380000)
 ParOldGen       total 86528K, used 25218K [0x0000000740000000, 0x0000000745480000, 0x0000000795580000)
  object space 86528K, 29% used [0x0000000740000000,0x00000007418a09d8,0x0000000745480000)
 Metaspace       used 43654K, capacity 44158K, committed 46080K, reserved 1089536K
  class space    used 6109K, capacity 6213K, committed 6656K, reserved 1048576K
Event: 13277.051 GC heap after
Heap after GC invocations=35 (full 9):
 PSYoungGen      total 324608K, used 0K [0x0000000795580000, 0x00000007aa980000, 0x00000007c0000000)
  eden space 303104K, 0% used [0x0000000795580000,0x0000000795580000,0x00000007a7d80000)
  from space 21504K, 0% used [0x00000007a9480000,0x00000007a9480000,0x00000007aa980000)
  to   space 22528K, 0% used [0x00000007a7d80000,0x00000007a7d80000,0x00000007a9380000)
 ParOldGen       total 86528K, used 25188K [0x0000000740000000, 0x0000000745480000, 0x0000000795580000)
  object space 86528K, 29% used [0x0000000740000000,0x00000007418990e0,0x0000000745480000)
 Metaspace       used 43654K, capacity 44158K, committed 46080K, reserved 1089536K
  class space    used 6109K, capacity 6213K, committed 6656K, reserved 1048576K
}

Deoptimization events (10 events):
Event: 6278.422 Thread 0x00007fa5a0daf800 Uncommon trap: reason=class_check action=maybe_recompile pc=0x0000000110d48fec method=java.util.regex.Pattern$Curly.study(Ljava/util/regex/Pattern$TreeInfo;)Z @ 31
Event: 6278.422 Thread 0x00007fa5a25dc800 Uncommon trap: reason=class_check action=maybe_recompile pc=0x0000000110d48fec method=java.util.regex.Pattern$Curly.study(Ljava/util/regex/Pattern$TreeInfo;)Z @ 31
Event: 6278.662 Thread 0x00007fa5a26ad000 Uncommon trap: reason=unstable_if action=reinterpret pc=0x00000001108aa2b8 method=org.apache.spark.scheduler.SparkListenerBus$class.doPostEvent(Lorg/apache/spark/scheduler/SparkListenerBus;Lorg/apache/spark/scheduler/SparkListenerInterface;Lorg/apache/spa
Event: 6311.442 Thread 0x00007fa5a0d90800 Uncommon trap: reason=bimorphic action=maybe_recompile pc=0x0000000110b77250 method=org.apache.spark.internal.Logging$class.log(Lorg/apache/spark/internal/Logging;)Lorg/slf4j/Logger; @ 11
Event: 13276.745 Thread 0x00007fa5a0d90800 Uncommon trap: reason=unstable_if action=reinterpret pc=0x00000001108cc1bc method=java.lang.ref.SoftReference.get()Ljava/lang/Object; @ 6
Event: 13467.710 Thread 0x00007fa5a0d90800 Uncommon trap: reason=unstable_if action=reinterpret pc=0x000000010fdeb5d4 method=java.lang.ref.SoftReference.get()Ljava/lang/Object; @ 6
Event: 13467.711 Thread 0x00007fa5a24b4000 Uncommon trap: reason=class_check action=maybe_recompile pc=0x000000010fdd926c method=java.lang.String.equals(Ljava/lang/Object;)Z @ 8
Event: 13467.711 Thread 0x00007fa5a0d90800 Uncommon trap: reason=unstable_if action=reinterpret pc=0x0000000110bed3f0 method=java.lang.ref.SoftReference.get()Ljava/lang/Object; @ 6
Event: 13467.712 Thread 0x00007fa5a0d90800 Uncommon trap: reason=unstable_if action=reinterpret pc=0x0000000110bccff4 method=java.lang.ref.SoftReference.get()Ljava/lang/Object; @ 6
Event: 13472.818 Thread 0x00007fa5a26ad000 Uncommon trap: reason=class_check action=maybe_recompile pc=0x00000001100165c4 method=scala.collection.mutable.GrowingBuilder.$plus$eq(Ljava/lang/Object;)Lscala/collection/mutable/GrowingBuilder; @ 5

Internal exceptions (10 events):
Event: 28.471 Thread 0x00007fa5a24b4000 Exception <a 'java/lang/NoSuchMethodError': <clinit>> (0x000000079ce20b68) thrown at [/HUDSON3/workspace/8-2-build-macosx-x86_64/jdk8u101/7261/hotspot/src/share/vm/prims/jni.cpp, line 1613]
Event: 30.052 Thread 0x00007fa5a40ca800 Exception <a 'java/lang/NoSuchMethodError': <clinit>> (0x00000007970d0280) thrown at [/HUDSON3/workspace/8-2-build-macosx-x86_64/jdk8u101/7261/hotspot/src/share/vm/prims/jni.cpp, line 1613]
Event: 32.276 Thread 0x00007fa5a100b000 Exception <a 'java/lang/NoSuchMethodError': <clinit>> (0x00000007a05b63a8) thrown at [/HUDSON3/workspace/8-2-build-macosx-x86_64/jdk8u101/7261/hotspot/src/share/vm/prims/jni.cpp, line 1613]
Event: 32.948 Thread 0x00007fa5a100b000 Exception <a 'java/lang/NoSuchMethodError': <clinit>> (0x00000007a0710c70) thrown at [/HUDSON3/workspace/8-2-build-macosx-x86_64/jdk8u101/7261/hotspot/src/share/vm/prims/jni.cpp, line 1613]
Event: 40.315 Thread 0x00007fa5a40ca000 Implicit null exception at 0x0000000110815d92 to 0x0000000110816289
Event: 3295.333 Thread 0x00007fa5a0d06000 Implicit null exception at 0x00000001103663d5 to 0x0000000110366d21
Event: 3295.335 Thread 0x00007fa5a0d06000 Implicit null exception at 0x00000001103039ea to 0x000000011030c3b5
Event: 13276.745 Thread 0x00007fa5a0d90800 Implicit null exception at 0x00000001108cb500 to 0x00000001108cc199
Event: 13467.711 Thread 0x00007fa5a0d90800 Implicit null exception at 0x0000000110becc99 to 0x0000000110bed3cd
Event: 13467.712 Thread 0x00007fa5a0d90800 Implicit null exception at 0x0000000110bcca82 to 0x0000000110bccfd5

Events (10 events):
Event: 13472.822 Executing VM operation: ForceSafepoint done
Event: 13472.823 Thread 0x00007fa5a0baf800 flushing nmethod 0x00000001107f4610
Event: 13472.825 Thread 0x00007fa5a0baf800 flushing nmethod 0x00000001109a7a90
Event: 13472.827 Thread 0x00007fa5a0baf800 flushing nmethod 0x0000000110d95fd0
Event: 13489.601 Executing VM operation: ChangeBreakpoints
Event: 13489.601 Executing VM operation: ChangeBreakpoints done
Event: 13489.632 Executing VM operation: RedefineClasses
Event: 13489.710 Executing VM operation: RedefineClasses done
Event: 13490.375 Executing VM operation: ChangeBreakpoints
Event: 13490.377 Executing VM operation: ChangeBreakpoints done


Dynamic libraries:
0x000000002a23e000 	/System/Library/Frameworks/Cocoa.framework/Versions/A/Cocoa
0x000000002a23e000 	/System/Library/Frameworks/Security.framework/Versions/A/Security
0x000000002a23e000 	/System/Library/Frameworks/ApplicationServices.framework/Versions/A/ApplicationServices
0x000000002a23e000 	/usr/lib/libz.1.dylib
0x000000002a23e000 	/usr/lib/libSystem.B.dylib
0x000000002a23e000 	/usr/lib/libobjc.A.dylib
0x000000002a23e000 	/System/Library/Frameworks/CoreFoundation.framework/Versions/A/CoreFoundation
0x000000002a23e000 	/System/Library/Frameworks/Foundation.framework/Versions/C/Foundation
0x000000002a23e000 	/System/Library/Frameworks/AppKit.framework/Versions/C/AppKit
0x000000002a23e000 	/System/Library/Frameworks/CoreData.framework/Versions/A/CoreData
0x000000002a23e000 	/System/Library/PrivateFrameworks/RemoteViewServices.framework/Versions/A/RemoteViewServices
0x000000002a23e000 	/System/Library/PrivateFrameworks/UIFoundation.framework/Versions/A/UIFoundation
0x000000002a23e000 	/System/Library/PrivateFrameworks/DFRFoundation.framework/Versions/A/DFRFoundation
0x000000002a23e000 	/System/Library/Frameworks/Metal.framework/Versions/A/Metal
0x000000002a23e000 	/System/Library/PrivateFrameworks/DesktopServicesPriv.framework/Versions/A/DesktopServicesPriv
0x000000002a23e000 	/usr/lib/libenergytrace.dylib
0x000000002a23e000 	/System/Library/PrivateFrameworks/SkyLight.framework/Versions/A/SkyLight
0x000000002a23e000 	/System/Library/Frameworks/CoreGraphics.framework/Versions/A/CoreGraphics
0x000000002a23e000 	/usr/lib/libScreenReader.dylib
0x000000002a23e000 	/System/Library/Frameworks/Accelerate.framework/Versions/A/Accelerate
0x000000002a23e000 	/System/Library/Frameworks/IOSurface.framework/Versions/A/IOSurface
0x000000002a23e000 	/System/Library/Frameworks/AudioToolbox.framework/Versions/A/AudioToolbox
0x000000002a23e000 	/System/Library/Frameworks/AudioUnit.framework/Versions/A/AudioUnit
0x000000002a23e000 	/System/Library/PrivateFrameworks/DataDetectorsCore.framework/Versions/A/DataDetectorsCore
0x000000002a23e000 	/System/Library/Frameworks/Carbon.framework/Versions/A/Frameworks/HIToolbox.framework/Versions/A/HIToolbox
0x000000002a23e000 	/usr/lib/libicucore.A.dylib
0x000000002a23e000 	/System/Library/Frameworks/QuartzCore.framework/Versions/A/QuartzCore
0x000000002a23e000 	/System/Library/PrivateFrameworks/SignpostNotification.framework/Versions/A/SignpostNotification
0x000000002a23e000 	/System/Library/Frameworks/Carbon.framework/Versions/A/Frameworks/SpeechRecognition.framework/Versions/A/SpeechRecognition
0x000000002a23e000 	/usr/lib/libauto.dylib
0x000000002a23e000 	/usr/lib/libxml2.2.dylib
0x000000002a23e000 	/System/Library/PrivateFrameworks/CoreUI.framework/Versions/A/CoreUI
0x000000002a23e000 	/System/Library/Frameworks/CoreAudio.framework/Versions/A/CoreAudio
0x000000002a23e000 	/System/Library/Frameworks/DiskArbitration.framework/Versions/A/DiskArbitration
0x000000002a23e000 	/usr/lib/liblangid.dylib
0x000000002a23e000 	/System/Library/PrivateFrameworks/MultitouchSupport.framework/Versions/A/MultitouchSupport
0x000000002a23e000 	/System/Library/Frameworks/IOKit.framework/Versions/A/IOKit
0x000000002a23e000 	/usr/lib/libDiagnosticMessagesClient.dylib
0x000000002a23e000 	/System/Library/Frameworks/CoreServices.framework/Versions/A/CoreServices
0x000000002a23e000 	/System/Library/PrivateFrameworks/PerformanceAnalysis.framework/Versions/A/PerformanceAnalysis
0x000000002a23e000 	/System/Library/Frameworks/OpenGL.framework/Versions/A/OpenGL
0x000000002a23e000 	/System/Library/Frameworks/ColorSync.framework/Versions/A/ColorSync
0x000000002a23e000 	/System/Library/Frameworks/CoreImage.framework/Versions/A/CoreImage
0x000000002a23e000 	/System/Library/Frameworks/CoreText.framework/Versions/A/CoreText
0x000000002a23e000 	/System/Library/Frameworks/ImageIO.framework/Versions/A/ImageIO
0x000000002a23e000 	/System/Library/PrivateFrameworks/Backup.framework/Versions/A/Backup
0x000000002a23e000 	/usr/lib/libarchive.2.dylib
0x000000002a23e000 	/System/Library/Frameworks/CFNetwork.framework/Versions/A/CFNetwork
0x000000002a23e000 	/System/Library/Frameworks/SystemConfiguration.framework/Versions/A/SystemConfiguration
0x000000002a23e000 	/usr/lib/libCRFSuite.dylib
0x000000002a23e000 	/usr/lib/libc++.1.dylib
0x000000002a23e000 	/usr/lib/libc++abi.dylib
0x000000002a23e000 	/usr/lib/system/libcache.dylib
0x000000002a23e000 	/usr/lib/system/libcommonCrypto.dylib
0x000000002a23e000 	/usr/lib/system/libcompiler_rt.dylib
0x000000002a23e000 	/usr/lib/system/libcopyfile.dylib
0x000000002a23e000 	/usr/lib/system/libcorecrypto.dylib
0x000000002a23e000 	/usr/lib/system/libdispatch.dylib
0x000000002a23e000 	/usr/lib/system/libdyld.dylib
0x000000002a23e000 	/usr/lib/system/libkeymgr.dylib
0x000000002a23e000 	/usr/lib/system/liblaunch.dylib
0x000000002a23e000 	/usr/lib/system/libmacho.dylib
0x000000002a23e000 	/usr/lib/system/libquarantine.dylib
0x000000002a23e000 	/usr/lib/system/libremovefile.dylib
0x000000002a23e000 	/usr/lib/system/libsystem_asl.dylib
0x000000002a23e000 	/usr/lib/system/libsystem_blocks.dylib
0x000000002a23e000 	/usr/lib/system/libsystem_c.dylib
0x000000002a23e000 	/usr/lib/system/libsystem_configuration.dylib
0x000000002a23e000 	/usr/lib/system/libsystem_coreservices.dylib
0x000000002a23e000 	/usr/lib/system/libsystem_darwin.dylib
0x000000002a23e000 	/usr/lib/system/libsystem_dnssd.dylib
0x000000002a23e000 	/usr/lib/system/libsystem_info.dylib
0x000000002a23e000 	/usr/lib/system/libsystem_m.dylib
0x000000002a23e000 	/usr/lib/system/libsystem_malloc.dylib
0x000000002a23e000 	/usr/lib/system/libsystem_network.dylib
0x000000002a23e000 	/usr/lib/system/libsystem_networkextension.dylib
0x000000002a23e000 	/usr/lib/system/libsystem_notify.dylib
0x000000002a23e000 	/usr/lib/system/libsystem_sandbox.dylib
0x000000002a23e000 	/usr/lib/system/libsystem_secinit.dylib
0x000000002a23e000 	/usr/lib/system/libsystem_kernel.dylib
0x000000002a23e000 	/usr/lib/system/libsystem_platform.dylib
0x000000002a23e000 	/usr/lib/system/libsystem_pthread.dylib
0x000000002a23e000 	/usr/lib/system/libsystem_symptoms.dylib
0x000000002a23e000 	/usr/lib/system/libsystem_trace.dylib
0x000000002a23e000 	/usr/lib/system/libunwind.dylib
0x000000002a23e000 	/usr/lib/system/libxpc.dylib
0x000000002a23e000 	/usr/lib/closure/libclosured.dylib
0x000000002a23e000 	/usr/lib/libbsm.0.dylib
0x000000002a23e000 	/usr/lib/system/libkxld.dylib
0x000000002a23e000 	/usr/lib/libOpenScriptingUtil.dylib
0x000000002a23e000 	/usr/lib/libcoretls.dylib
0x000000002a23e000 	/usr/lib/libcoretls_cfhelpers.dylib
0x000000002a23e000 	/usr/lib/libpam.2.dylib
0x000000002a23e000 	/usr/lib/libsqlite3.dylib
0x000000002a23e000 	/usr/lib/libxar.1.dylib
0x000000002a23e000 	/usr/lib/libbz2.1.0.dylib
0x000000002a23e000 	/usr/lib/liblzma.5.dylib
0x000000002a23e000 	/usr/lib/libnetwork.dylib
0x000000002a23e000 	/usr/lib/libapple_nghttp2.dylib
0x000000002a23e000 	/usr/lib/libpcap.A.dylib
0x000000002a23e000 	/usr/lib/libboringssl.dylib
0x000000002a23e000 	/usr/lib/libusrtcp.dylib
0x000000002a23e000 	/usr/lib/libapple_crypto.dylib
0x000000002a23e000 	/System/Library/Frameworks/CoreServices.framework/Versions/A/Frameworks/FSEvents.framework/Versions/A/FSEvents
0x000000002a23e000 	/System/Library/Frameworks/CoreServices.framework/Versions/A/Frameworks/CarbonCore.framework/Versions/A/CarbonCore
0x000000002a23e000 	/System/Library/Frameworks/CoreServices.framework/Versions/A/Frameworks/Metadata.framework/Versions/A/Metadata
0x000000002a23e000 	/System/Library/Frameworks/CoreServices.framework/Versions/A/Frameworks/OSServices.framework/Versions/A/OSServices
0x000000002a23e000 	/System/Library/Frameworks/CoreServices.framework/Versions/A/Frameworks/SearchKit.framework/Versions/A/SearchKit
0x000000002a23e000 	/System/Library/Frameworks/CoreServices.framework/Versions/A/Frameworks/AE.framework/Versions/A/AE
0x000000002a23e000 	/System/Library/Frameworks/CoreServices.framework/Versions/A/Frameworks/LaunchServices.framework/Versions/A/LaunchServices
0x000000002a23e000 	/System/Library/Frameworks/CoreServices.framework/Versions/A/Frameworks/DictionaryServices.framework/Versions/A/DictionaryServices
0x000000002a23e000 	/System/Library/Frameworks/CoreServices.framework/Versions/A/Frameworks/SharedFileList.framework/Versions/A/SharedFileList
0x000000002a23e000 	/System/Library/Frameworks/NetFS.framework/Versions/A/NetFS
0x000000002a23e000 	/System/Library/PrivateFrameworks/NetAuth.framework/Versions/A/NetAuth
0x000000002a23e000 	/System/Library/PrivateFrameworks/login.framework/Versions/A/Frameworks/loginsupport.framework/Versions/A/loginsupport
0x000000002a23e000 	/System/Library/PrivateFrameworks/TCC.framework/Versions/A/TCC
0x000000002a23e000 	/usr/lib/libmecabra.dylib
0x000000002a23e000 	/System/Library/Frameworks/ApplicationServices.framework/Versions/A/Frameworks/ATS.framework/Versions/A/ATS
0x000000002a23e000 	/System/Library/Frameworks/ApplicationServices.framework/Versions/A/Frameworks/ColorSyncLegacy.framework/Versions/A/ColorSyncLegacy
0x000000002a23e000 	/System/Library/Frameworks/ApplicationServices.framework/Versions/A/Frameworks/HIServices.framework/Versions/A/HIServices
0x000000002a23e000 	/System/Library/Frameworks/ApplicationServices.framework/Versions/A/Frameworks/LangAnalysis.framework/Versions/A/LangAnalysis
0x000000002a23e000 	/System/Library/Frameworks/ApplicationServices.framework/Versions/A/Frameworks/PrintCore.framework/Versions/A/PrintCore
0x000000002a23e000 	/System/Library/Frameworks/ApplicationServices.framework/Versions/A/Frameworks/QD.framework/Versions/A/QD
0x000000002a23e000 	/System/Library/Frameworks/ApplicationServices.framework/Versions/A/Frameworks/SpeechSynthesis.framework/Versions/A/SpeechSynthesis
0x000000002a23e000 	/System/Library/Frameworks/CoreDisplay.framework/Versions/A/CoreDisplay
0x000000002a23e000 	/System/Library/Frameworks/Accelerate.framework/Versions/A/Frameworks/vImage.framework/Versions/A/vImage
0x000000002a23e000 	/System/Library/Frameworks/Accelerate.framework/Versions/A/Frameworks/vecLib.framework/Versions/A/vecLib
0x000000002a23e000 	/System/Library/Frameworks/Accelerate.framework/Versions/A/Frameworks/vecLib.framework/Versions/A/libvDSP.dylib
0x000000002a23e000 	/System/Library/Frameworks/Accelerate.framework/Versions/A/Frameworks/vecLib.framework/Versions/A/libBNNS.dylib
0x000000002a23e000 	/System/Library/Frameworks/Accelerate.framework/Versions/A/Frameworks/vecLib.framework/Versions/A/libQuadrature.dylib
0x000000002a23e000 	/System/Library/Frameworks/Accelerate.framework/Versions/A/Frameworks/vecLib.framework/Versions/A/libvMisc.dylib
0x000000002a23e000 	/System/Library/Frameworks/Accelerate.framework/Versions/A/Frameworks/vecLib.framework/Versions/A/libLAPACK.dylib
0x000000002a23e000 	/System/Library/Frameworks/Accelerate.framework/Versions/A/Frameworks/vecLib.framework/Versions/A/libBLAS.dylib
0x000000002a23e000 	/System/Library/Frameworks/Accelerate.framework/Versions/A/Frameworks/vecLib.framework/Versions/A/libLinearAlgebra.dylib
0x000000002a23e000 	/System/Library/Frameworks/Accelerate.framework/Versions/A/Frameworks/vecLib.framework/Versions/A/libSparse.dylib
0x000000002a23e000 	/System/Library/Frameworks/Accelerate.framework/Versions/A/Frameworks/vecLib.framework/Versions/A/libSparseBLAS.dylib
0x000000002a23e000 	/System/Library/PrivateFrameworks/GPUWrangler.framework/Versions/A/GPUWrangler
0x000000002a23e000 	/System/Library/PrivateFrameworks/IOAccelerator.framework/Versions/A/IOAccelerator
0x000000002a23e000 	/System/Library/PrivateFrameworks/IOPresentment.framework/Versions/A/IOPresentment
0x000000002a23e000 	/System/Library/PrivateFrameworks/DSExternalDisplay.framework/Versions/A/DSExternalDisplay
0x000000002a23e000 	/System/Library/Frameworks/OpenGL.framework/Versions/A/Libraries/libCoreFSCache.dylib
0x000000002a23e000 	/System/Library/Frameworks/CoreVideo.framework/Versions/A/CoreVideo
0x000000002a23e000 	/System/Library/PrivateFrameworks/GraphVisualizer.framework/Versions/A/GraphVisualizer
0x000000002a23e000 	/System/Library/Frameworks/MetalPerformanceShaders.framework/Versions/A/MetalPerformanceShaders
0x000000002a23e000 	/usr/lib/libFosl_dynamic.dylib
0x000000002a23e000 	/System/Library/PrivateFrameworks/FaceCore.framework/Versions/A/FaceCore
0x000000002a23e000 	/System/Library/Frameworks/OpenCL.framework/Versions/A/OpenCL
0x000000002a23e000 	/usr/lib/libcompression.dylib
0x000000002a23e000 	/System/Library/Frameworks/ApplicationServices.framework/Versions/A/Frameworks/ATS.framework/Versions/A/Resources/libFontParser.dylib
0x000000002a23e000 	/System/Library/Frameworks/ApplicationServices.framework/Versions/A/Frameworks/ATS.framework/Versions/A/Resources/libFontRegistry.dylib
0x000000002a23e000 	/System/Library/Frameworks/ImageIO.framework/Versions/A/Resources/libJPEG.dylib
0x000000002a23e000 	/System/Library/Frameworks/ImageIO.framework/Versions/A/Resources/libTIFF.dylib
0x000000002a23e000 	/System/Library/Frameworks/ImageIO.framework/Versions/A/Resources/libPng.dylib
0x000000002a23e000 	/System/Library/Frameworks/ImageIO.framework/Versions/A/Resources/libGIF.dylib
0x000000002a23e000 	/System/Library/Frameworks/ImageIO.framework/Versions/A/Resources/libJP2.dylib
0x000000002a23e000 	/System/Library/Frameworks/ImageIO.framework/Versions/A/Resources/libRadiance.dylib
0x000000002a23e000 	/System/Library/PrivateFrameworks/AppleJPEG.framework/Versions/A/AppleJPEG
0x000000002a23e000 	/System/Library/Frameworks/MetalPerformanceShaders.framework/Frameworks/MPSCore.framework/Versions/A/MPSCore
0x000000002a23e000 	/System/Library/Frameworks/MetalPerformanceShaders.framework/Frameworks/MPSImage.framework/Versions/A/MPSImage
0x000000002a23e000 	/System/Library/Frameworks/MetalPerformanceShaders.framework/Frameworks/MPSNeuralNetwork.framework/Versions/A/MPSNeuralNetwork
0x000000002a23e000 	/System/Library/Frameworks/MetalPerformanceShaders.framework/Frameworks/MPSMatrix.framework/Versions/A/MPSMatrix
0x000000002a23e000 	/System/Library/PrivateFrameworks/MetalTools.framework/Versions/A/MetalTools
0x000000002a23e000 	/System/Library/Frameworks/OpenGL.framework/Versions/A/Libraries/libGLU.dylib
0x000000002a23e000 	/System/Library/Frameworks/OpenGL.framework/Versions/A/Libraries/libGFXShared.dylib
0x000000002a23e000 	/System/Library/Frameworks/OpenGL.framework/Versions/A/Libraries/libGL.dylib
0x000000002a23e000 	/System/Library/Frameworks/OpenGL.framework/Versions/A/Libraries/libGLImage.dylib
0x000000002a23e000 	/System/Library/Frameworks/OpenGL.framework/Versions/A/Libraries/libCVMSPluginSupport.dylib
0x000000002a23e000 	/System/Library/Frameworks/OpenGL.framework/Versions/A/Libraries/libCoreVMClient.dylib
0x000000002a23e000 	/usr/lib/libcups.2.dylib
0x000000002a23e000 	/System/Library/Frameworks/Kerberos.framework/Versions/A/Kerberos
0x000000002a23e000 	/System/Library/Frameworks/GSS.framework/Versions/A/GSS
0x000000002a23e000 	/usr/lib/libresolv.9.dylib
0x000000002a23e000 	/usr/lib/libiconv.2.dylib
0x000000002a23e000 	/System/Library/PrivateFrameworks/Heimdal.framework/Versions/A/Heimdal
0x000000002a23e000 	/usr/lib/libheimdal-asn1.dylib
0x000000002a23e000 	/System/Library/Frameworks/OpenDirectory.framework/Versions/A/OpenDirectory
0x000000002a23e000 	/System/Library/PrivateFrameworks/CommonAuth.framework/Versions/A/CommonAuth
0x000000002a23e000 	/System/Library/Frameworks/OpenDirectory.framework/Versions/A/Frameworks/CFOpenDirectory.framework/Versions/A/CFOpenDirectory
0x000000002a23e000 	/System/Library/Frameworks/SecurityFoundation.framework/Versions/A/SecurityFoundation
0x000000002a23e000 	/System/Library/PrivateFrameworks/APFS.framework/Versions/A/APFS
0x000000002a23e000 	/usr/lib/libutil.dylib
0x000000002a23e000 	/System/Library/PrivateFrameworks/AppleSauce.framework/Versions/A/AppleSauce
0x000000002a23e000 	/System/Library/PrivateFrameworks/LinguisticData.framework/Versions/A/LinguisticData
0x000000002a23e000 	/usr/lib/libmarisa.dylib
0x000000002a23e000 	/System/Library/PrivateFrameworks/Lexicon.framework/Versions/A/Lexicon
0x000000002a23e000 	/usr/lib/libChineseTokenizer.dylib
0x000000002a23e000 	/usr/lib/libcmph.dylib
0x000000002a23e000 	/System/Library/PrivateFrameworks/LanguageModeling.framework/Versions/A/LanguageModeling
0x000000002a23e000 	/System/Library/PrivateFrameworks/CoreEmoji.framework/Versions/A/CoreEmoji
0x000000002a23e000 	/System/Library/Frameworks/ServiceManagement.framework/Versions/A/ServiceManagement
0x000000002a23e000 	/System/Library/PrivateFrameworks/BackgroundTaskManagement.framework/Versions/A/BackgroundTaskManagement
0x000000002a23e000 	/usr/lib/libxslt.1.dylib
0x000000002a23e000 	/System/Library/Frameworks/Carbon.framework/Versions/A/Frameworks/Ink.framework/Versions/A/Ink
0x000000002a23e000 	/System/Library/PrivateFrameworks/TextureIO.framework/Versions/A/TextureIO
0x000000002a23e000 	/usr/lib/libate.dylib
0x000000002a23e000 	/System/Library/PrivateFrameworks/CrashReporterSupport.framework/Versions/A/CrashReporterSupport
0x000000002a23e000 	/System/Library/PrivateFrameworks/Sharing.framework/Versions/A/Sharing
0x000000002a23e000 	/System/Library/PrivateFrameworks/IconServices.framework/Versions/A/IconServices
0x000000002a23e000 	/System/Library/PrivateFrameworks/Apple80211.framework/Versions/A/Apple80211
0x000000002a23e000 	/System/Library/PrivateFrameworks/CoreUtils.framework/Versions/A/CoreUtils
0x000000002a23e000 	/System/Library/Frameworks/CoreWLAN.framework/Versions/A/CoreWLAN
0x000000002a23e000 	/System/Library/Frameworks/IOBluetooth.framework/Versions/A/IOBluetooth
0x000000002a23e000 	/System/Library/PrivateFrameworks/ProtocolBuffer.framework/Versions/A/ProtocolBuffer
0x000000002a23e000 	/System/Library/PrivateFrameworks/CoreWiFi.framework/Versions/A/CoreWiFi
0x000000002a23e000 	/System/Library/Frameworks/CoreBluetooth.framework/Versions/A/CoreBluetooth
0x000000002a23e000 	/System/Library/PrivateFrameworks/DebugSymbols.framework/Versions/A/DebugSymbols
0x000000002a23e000 	/System/Library/PrivateFrameworks/CoreSymbolication.framework/Versions/A/CoreSymbolication
0x000000002a23e000 	/System/Library/PrivateFrameworks/Symbolication.framework/Versions/A/Symbolication
0x000000002a23e000 	/System/Library/PrivateFrameworks/AppleFSCompression.framework/Versions/A/AppleFSCompression
0x000000002a23e000 	/System/Library/PrivateFrameworks/SpeechRecognitionCore.framework/Versions/A/SpeechRecognitionCore
0x0000000100a25000 	/Library/Java/JavaVirtualMachines/jdk1.8.0_101.jdk/Contents/Home/jre/lib/server/libjvm.dylib
0x000000002a23e000 	/usr/lib/libstdc++.6.0.9.dylib
0x00000001019c2000 	/Library/Java/JavaVirtualMachines/jdk1.8.0_101.jdk/Contents/Home/jre/lib/libverify.dylib
0x0000000102200000 	/Library/Java/JavaVirtualMachines/jdk1.8.0_101.jdk/Contents/Home/jre/lib/libjava.dylib
0x0000000102235000 	/Library/Java/JavaVirtualMachines/jdk1.8.0_101.jdk/Contents/Home/jre/lib/libjdwp.dylib
0x00000001019d1000 	/Library/Java/JavaVirtualMachines/jdk1.8.0_101.jdk/Contents/Home/jre/lib/libnpt.dylib
0x00000001019d5000 	/Library/Java/JavaVirtualMachines/jdk1.8.0_101.jdk/Contents/Home/jre/lib/libinstrument.dylib
0x00000001022f9000 	/Library/Java/JavaVirtualMachines/jdk1.8.0_101.jdk/Contents/Home/jre/lib/libzip.dylib
0x000000002a23e000 	/System/Library/Frameworks/JavaVM.framework/Versions/A/Frameworks/JavaRuntimeSupport.framework/Versions/A/JavaRuntimeSupport
0x000000002a23e000 	/System/Library/Frameworks/JavaVM.framework/Versions/A/Frameworks/JavaNativeFoundation.framework/Versions/A/JavaNativeFoundation
0x000000002a23e000 	/System/Library/Frameworks/JavaVM.framework/Versions/A/JavaVM
0x000000002a23e000 	/System/Library/Frameworks/Carbon.framework/Versions/A/Carbon
0x000000002a23e000 	/System/Library/PrivateFrameworks/JavaLaunching.framework/Versions/A/JavaLaunching
0x000000002a23e000 	/System/Library/Frameworks/Carbon.framework/Versions/A/Frameworks/CommonPanels.framework/Versions/A/CommonPanels
0x000000002a23e000 	/System/Library/Frameworks/Carbon.framework/Versions/A/Frameworks/Help.framework/Versions/A/Help
0x000000002a23e000 	/System/Library/Frameworks/Carbon.framework/Versions/A/Frameworks/ImageCapture.framework/Versions/A/ImageCapture
0x000000002a23e000 	/System/Library/Frameworks/Carbon.framework/Versions/A/Frameworks/OpenScripting.framework/Versions/A/OpenScripting
0x000000002a23e000 	/System/Library/Frameworks/Carbon.framework/Versions/A/Frameworks/Print.framework/Versions/A/Print
0x000000002a23e000 	/System/Library/Frameworks/Carbon.framework/Versions/A/Frameworks/SecurityHI.framework/Versions/A/SecurityHI
0x000000010a603000 	/Library/Java/JavaVirtualMachines/jdk1.8.0_101.jdk/Contents/Home/jre/lib/libdt_socket.dylib
0x000000010bb2e000 	/Library/Java/JavaVirtualMachines/jdk1.8.0_101.jdk/Contents/Home/jre/lib/libmanagement.dylib
0x000000010bd3f000 	/Library/Java/JavaVirtualMachines/jdk1.8.0_101.jdk/Contents/Home/jre/lib/libosx.dylib
0x000000010bd4d000 	/Library/Java/JavaVirtualMachines/jdk1.8.0_101.jdk/Contents/Home/jre/lib/./libosxapp.dylib
0x000000002a23e000 	/System/Library/Frameworks/ExceptionHandling.framework/Versions/A/ExceptionHandling
0x000000010bf69000 	/Library/Java/JavaVirtualMachines/jdk1.8.0_101.jdk/Contents/Home/jre/lib/libjaas_unix.dylib
0x000000010bf6c000 	/Library/Java/JavaVirtualMachines/jdk1.8.0_101.jdk/Contents/Home/jre/lib/libnet.dylib
0x000000010b7ab000 	/Library/Java/JavaVirtualMachines/jdk1.8.0_101.jdk/Contents/Home/jre/lib/libnio.dylib
0x000000010b739000 	/private/var/folders/b5/tr4nzztd2zg2fvxdhb1bsvlc0000gn/T/liblz4-java7425416612835951380.dylib

VM Arguments:
jvm_args: -agentlib:jdwp=transport=dt_socket,address=127.0.0.1:50720,suspend=y,server=n -javaagent:/Users/sukanyanath/Library/Caches/IdeaIC2018.1/captureAgent/debugger-agent.jar=file:/private/var/folders/b5/tr4nzztd2zg2fvxdhb1bsvlc0000gn/T/capture.props -Dfile.encoding=UTF-8 
java_command: main -g /Users/sukanyanath/Desktop/LUBM/N3/University0_0.nt -q /Users/sukanyanath/Desktop/LUBM/Queries
java_class_path (initial): /Library/Java/JavaVirtualMachines/jdk1.8.0_101.jdk/Contents/Home/jre/lib/charsets.jar:/Library/Java/JavaVirtualMachines/jdk1.8.0_101.jdk/Contents/Home/jre/lib/deploy.jar:/Library/Java/JavaVirtualMachines/jdk1.8.0_101.jdk/Contents/Home/jre/lib/ext/cldrdata.jar:/Library/Java/JavaVirtualMachines/jdk1.8.0_101.jdk/Contents/Home/jre/lib/ext/dnsns.jar:/Library/Java/JavaVirtualMachines/jdk1.8.0_101.jdk/Contents/Home/jre/lib/ext/jaccess.jar:/Library/Java/JavaVirtualMachines/jdk1.8.0_101.jdk/Contents/Home/jre/lib/ext/jfxrt.jar:/Library/Java/JavaVirtualMachines/jdk1.8.0_101.jdk/Contents/Home/jre/lib/ext/localedata.jar:/Library/Java/JavaVirtualMachines/jdk1.8.0_101.jdk/Contents/Home/jre/lib/ext/nashorn.jar:/Library/Java/JavaVirtualMachines/jdk1.8.0_101.jdk/Contents/Home/jre/lib/ext/sunec.jar:/Library/Java/JavaVirtualMachines/jdk1.8.0_101.jdk/Contents/Home/jre/lib/ext/sunjce_provider.jar:/Library/Java/JavaVirtualMachines/jdk1.8.0_101.jdk/Contents/Home/jre/lib/ext/sunpkcs11.jar:/Library/Java/JavaVirtualMachines/jdk1.8.0_101.jdk/Contents/Home/jre/lib/ext/zipfs.jar:/Library/Java/JavaVirtualMachines/jdk1.8.0_101.jdk/Contents/Home/jre/lib/javaws.jar:/Library/Java/JavaVirtualMachines/jdk1.8.0_101.jdk/Contents/Home/jre/lib/jce.jar:/Library/Java/JavaVirtualMachines/jdk1.8.0_101.jdk/Contents/Home/jre/lib/jfr.jar:/Library/Java/JavaVirtualMachines/jdk1.8.0_101.jdk/Contents/Home/jre/lib/jfxswt.jar:/Library/Java/JavaVirtualMachines/jdk1.8.0_101.jdk/Contents/Home/jre/lib/jsse.jar:/Library/Java/JavaVirtualMachines/jdk1.8.0_101.jdk/Contents/Home/jre/lib/management-agent.jar:/Library/Java/JavaVirtualMachines/jdk1.8.0_101.jdk/Contents/Home/jre/lib/plugin.jar:/Library/Java/JavaVirtualMachines/jdk1.8.0_101.jdk/Contents/Home/jre/lib/resources.jar:/Library/Java/JavaVirtualMachines/jdk1.8.0_101.jdk/Contents/Home/jre/lib/rt.jar:/Library/Java/JavaVirtualMachines/jdk1.8.0_101.jdk/Contents/Home/lib/ant-javafx.jar:/Library/Java/JavaVirtualMachines/jdk1.8.0_101.jdk/Contents/Home
Launcher Type: SUN_STANDARD

Environment Variables:
PATH=/Users/sukanyanath/.rbenv/shims:/usr/local/var/rbenv/shims:/Users/sukanyanath/torch/install/bin:/Users/sukanyanath/torch/install/bin/torch-activate:/Users/sukanyanath/anaconda/bin:/Users/sukanyanath/.rvm/gems/ruby-2.4.0/bin:/usr/local/opt/openssl/bin:/usr/local/opt/openssl@1.1/bin:/usr/local/opt/openssl@1.1/bin:/usr/local/var/rbenv/shims:/usr/local/sbin:/Library/Frameworks/Python.framework/Versions/3.5/bin:/Library/Frameworks/Python.framework/Versions/3.5/bin:/Users/sukanyanath/.rvm/gems/ruby-2.4.0/bin:/Users/sukanyanath/.rvm/gems/ruby-2.4.0@global/bin:/Users/sukanyanath/.rvm/rubies/ruby-2.4.0/bin:/Users/sukanyanath/torch/install/bin:/Users/sukanyanath/torch/install/bin:/Users/sukanyanath/torch/install/bin/torch-activate:/Users/sukanyanath/.rvm/gems/ruby-2.4.0/bin:/usr/local/bin:/usr/bin:/bin:/usr/sbin:/sbin:/opt/X11/bin:/Library/TeX/texbin:/Users/sukanyanath/.rvm/bin:/usr/local/Cellar/scala/2.11.8/bin:/Users/sukanyanath/.node/bin
SHELL=/bin/bash
DISPLAY=/private/tmp/com.apple.launchd.kca0Gem9K9/org.macosforge.xquartz:0

Signal Handlers:
SIGSEGV: [libjvm.dylib+0x5af145], sa_mask[0]=11111111011111110111111111111111, sa_flags=SA_ONSTACK|SA_RESTART|SA_SIGINFO
SIGBUS: [libjvm.dylib+0x5af145], sa_mask[0]=11111111011111110111111111111111, sa_flags=SA_RESTART|SA_SIGINFO
SIGFPE: [libjvm.dylib+0x48694c], sa_mask[0]=11111111011111110111111111111111, sa_flags=SA_RESTART|SA_SIGINFO
SIGPIPE: [libjvm.dylib+0x48694c], sa_mask[0]=11111111011111110111111111111111, sa_flags=SA_RESTART|SA_SIGINFO
SIGXFSZ: [libjvm.dylib+0x48694c], sa_mask[0]=11111111011111110111111111111111, sa_flags=SA_RESTART|SA_SIGINFO
SIGILL: [libjvm.dylib+0x48694c], sa_mask[0]=11111111011111110111111111111111, sa_flags=SA_RESTART|SA_SIGINFO
SIGUSR1: SIG_DFL, sa_mask[0]=00000000000000000000000000000000, sa_flags=none
SIGUSR2: [libjvm.dylib+0x48646a], sa_mask[0]=00100000000000000000000000000000, sa_flags=SA_RESTART|SA_SIGINFO
SIGHUP: [libjvm.dylib+0x484a41], sa_mask[0]=11111111011111110111111111111111, sa_flags=SA_RESTART|SA_SIGINFO
SIGINT: [libjvm.dylib+0x484a41], sa_mask[0]=11111111011111110111111111111111, sa_flags=SA_RESTART|SA_SIGINFO
SIGTERM: [libjvm.dylib+0x484a41], sa_mask[0]=11111111011111110111111111111111, sa_flags=SA_RESTART|SA_SIGINFO
SIGQUIT: [libjvm.dylib+0x484a41], sa_mask[0]=11111111011111110111111111111111, sa_flags=SA_RESTART|SA_SIGINFO


---------------  S Y S T E M  ---------------

OS:Bsduname:Darwin 17.5.0 Darwin Kernel Version 17.5.0: Mon Mar  5 22:24:32 PST 2018; root:xnu-4570.51.1~1/RELEASE_X86_64 x86_64
rlimit: STACK 8192k, CORE 0k, NPROC 709, NOFILE 10240, AS infinity
load average:2.84 2.79 2.50

CPU:total 4 (2 cores per cpu, 2 threads per core) family 6 model 58 stepping 9, cmov, cx8, fxsr, mmx, sse, sse2, sse3, ssse3, sse4.1, sse4.2, popcnt, avx, aes, clmul, erms, ht, tsc, tscinvbit, tscinv

Memory: 4k page, physical 8388608k(158956k free)

/proc/meminfo:


vm_info: Java HotSpot(TM) 64-Bit Server VM (25.101-b13) for bsd-amd64 JRE (1.8.0_101-b13), built on Jun 22 2016 02:42:15 by "java_re" with gcc 4.2.1 (Based on Apple Inc. build 5658) (LLVM build 2336.11.00)

time: Tue May  8 21:57:10 2018
elapsed time: 13490 seconds (0d 3h 44m 50s)

